

Processing MachinesController#index (for 127.0.0.1 at 2010-09-28 17:13:25) [GET]
  [4;36;1mMachine Load (0.0ms)[0m   [0;1mSQLite3::SQLException: no such table: machines: SELECT * FROM "machines" [0m

ActiveRecord::StatementInvalid (SQLite3::SQLException: no such table: machines: SELECT * FROM "machines" ):
  app/controllers/machines_controller.rb:5:in `index'

Rendered rescues/_trace (42.2ms)
Rendered rescues/_request_and_response (12.5ms)
Rendering rescues/layout (internal_server_error)
  [4;36;1mSQL (0.3ms)[0m   [0;1m SELECT name
 FROM sqlite_master
 WHERE type = 'table' AND NOT name = 'sqlite_sequence'
[0m
  [4;35;1mSQL (0.2ms)[0m   [0mselect sqlite_version(*)[0m
  [4;36;1mSQL (129.3ms)[0m   [0;1mCREATE TABLE "schema_migrations" ("version" varchar(255) NOT NULL) [0m
  [4;35;1mSQL (90.2ms)[0m   [0mCREATE UNIQUE INDEX "unique_schema_migrations" ON "schema_migrations" ("version")[0m
  [4;36;1mSQL (0.5ms)[0m   [0;1m SELECT name
 FROM sqlite_master
 WHERE type = 'table' AND NOT name = 'sqlite_sequence'
[0m
  [4;35;1mSQL (0.2ms)[0m   [0mSELECT version FROM schema_migrations[0m
Migrating to CreateMachines (20100928091123)
  [4;36;1mSQL (2.1ms)[0m   [0;1mCREATE TABLE "machines" ("id" INTEGER PRIMARY KEY AUTOINCREMENT NOT NULL, "name" varchar(255), "description" text, "comment" varchar(255), "used_by" varchar(255), "location" varchar(255), "status" varchar(255), "created_at" datetime, "updated_at" datetime) [0m
  [4;35;1mSQL (0.3ms)[0m   [0mINSERT INTO schema_migrations (version) VALUES ('20100928091123')[0m
  [4;36;1mSQL (0.9ms)[0m   [0;1m SELECT name
 FROM sqlite_master
 WHERE type = 'table' AND NOT name = 'sqlite_sequence'
[0m
  [4;35;1mSQL (0.5ms)[0m   [0mSELECT version FROM schema_migrations[0m
  [4;36;1mSQL (0.7ms)[0m   [0;1m SELECT name
 FROM sqlite_master
 WHERE type = 'table' AND NOT name = 'sqlite_sequence'
[0m
  [4;35;1mSQL (0.1ms)[0m   [0mPRAGMA index_list("machines")[0m


Processing MachinesController#index (for 127.0.0.1 at 2010-09-28 17:13:50) [GET]
  [4;36;1mMachine Load (0.6ms)[0m   [0;1mSELECT * FROM "machines" [0m
Rendering template within layouts/machines
Rendering machines/index
Completed in 34ms (View: 28, DB: 1) | 200 OK [http://lab/]


Processing MachinesController#new (for 127.0.0.1 at 2010-09-28 17:13:57) [GET]
Rendering template within layouts/machines
Rendering machines/new
Completed in 19ms (View: 12, DB: 0) | 200 OK [http://lab/machines/new]


Processing MachinesController#index (for 127.0.0.1 at 2010-09-28 17:15:55) [GET]
  [4;36;1mMachine Load (0.5ms)[0m   [0;1mSELECT * FROM "machines" [0m
Rendering template within layouts/machines
Rendering machines/index
Completed in 29ms (View: 23, DB: 0) | 200 OK [http://lab/]
